D:\8TH SEMESTER\CSE 4201 COMPUTER GRAPHICS AND ANIMATIONS\LAB\LAB_PROJECT\PROJECT1\PROJECT1\DEBUG\SOURCE.OBJ
D:\8TH SEMESTER\CSE 4201 COMPUTER GRAPHICS AND ANIMATIONS\LAB\LAB_PROJECT\PROJECT1\PROJECT1\DEBUG\VC110.PDB
D:\8TH SEMESTER\CSE 4201 COMPUTER GRAPHICS AND ANIMATIONS\LAB\LAB_PROJECT\PROJECT1\DEBUG\PROJECT1.ILK
D:\8TH SEMESTER\CSE 4201 COMPUTER GRAPHICS AND ANIMATIONS\LAB\LAB_PROJECT\PROJECT1\DEBUG\PROJECT1.EXE
D:\8TH SEMESTER\CSE 4201 COMPUTER GRAPHICS AND ANIMATIONS\LAB\LAB_PROJECT\PROJECT1\DEBUG\PROJECT1.PDB
D:\8th Semester\CSE 4201 Computer Graphics and Animations\Lab\Lab_project\Project1\Project1\Debug\Source.obj
D:\8th Semester\CSE 4201 Computer Graphics and Animations\Lab\Lab_project\Project1\Project1\Debug\cl.command.1.tlog
D:\8th Semester\CSE 4201 Computer Graphics and Animations\Lab\Lab_project\Project1\Project1\Debug\CL.read.1.tlog
D:\8th Semester\CSE 4201 Computer Graphics and Animations\Lab\Lab_project\Project1\Project1\Debug\CL.write.1.tlog
D:\8th Semester\CSE 4201 Computer Graphics and Animations\Lab\Lab_project\Project1\Project1\Debug\link-cvtres.read.1.tlog
D:\8th Semester\CSE 4201 Computer Graphics and Animations\Lab\Lab_project\Project1\Project1\Debug\link-cvtres.write.1.tlog
D:\8th Semester\CSE 4201 Computer Graphics and Animations\Lab\Lab_project\Project1\Project1\Debug\link-rc.read.1.tlog
D:\8th Semester\CSE 4201 Computer Graphics and Animations\Lab\Lab_project\Project1\Project1\Debug\link-rc.write.1.tlog
D:\8th Semester\CSE 4201 Computer Graphics and Animations\Lab\Lab_project\Project1\Project1\Debug\link.command.1.tlog
D:\8th Semester\CSE 4201 Computer Graphics and Animations\Lab\Lab_project\Project1\Project1\Debug\link.read.1.tlog
D:\8th Semester\CSE 4201 Computer Graphics and Animations\Lab\Lab_project\Project1\Project1\Debug\link.write.1.tlog
D:\8th Semester\CSE 4201 Computer Graphics and Animations\Lab\Lab_project\Project1\Project1\Debug\vc110.idb
D:\8th Semester\CSE 4201 Computer Graphics and Animations\Lab\Lab_project\Project1\Project1\Debug\vc110.pdb
D:\8th Semester\CSE 4201 Computer Graphics and Animations\Lab\Lab_project\Project1\Debug\Project1.pdb
D:\8th Semester\CSE 4201 Computer Graphics and Animations\Lab\Lab_project\Project1\Debug\Project1.exe
D:\8th Semester\CSE 4201 Computer Graphics and Animations\Lab\Lab_project\Project1\Debug\Project1.ilk
